<?xml version="1.0" encoding="UTF-8"?>
<testng-results skipped="0" failed="0" total="1" passed="1">
  <reporter-output>
  </reporter-output>
  <suite name="Default suite" duration-ms="7810" started-at="2014-04-14T23:27:12Z" finished-at="2014-04-14T23:27:20Z">
    <groups>
    </groups>
    <test name="Default test" duration-ms="7810" started-at="2014-04-14T23:27:12Z" finished-at="2014-04-14T23:27:20Z">
      <class name="com.example.tests.ContactCreationTests">
        <test-method status="PASS" signature="setUp()[pri:0, instance:com.example.tests.ContactCreationTests@171ccb0]" name="setUp" is-config="true" duration-ms="4153" started-at="2014-04-15T01:27:12Z" finished-at="2014-04-15T01:27:16Z">
          <reporter-output>
          </reporter-output>
        </test-method> <!-- setUp -->
        <test-method status="PASS" signature="testContactCreation()[pri:0, instance:com.example.tests.ContactCreationTests@171ccb0]" name="testContactCreation" duration-ms="3445" started-at="2014-04-15T01:27:16Z" finished-at="2014-04-15T01:27:20Z">
          <reporter-output>
          </reporter-output>
        </test-method> <!-- testContactCreation -->
        <test-method status="PASS" signature="tearDown()[pri:0, instance:com.example.tests.ContactCreationTests@171ccb0]" name="tearDown" is-config="true" duration-ms="165" started-at="2014-04-15T01:27:20Z" finished-at="2014-04-15T01:27:20Z">
          <reporter-output>
          </reporter-output>
        </test-method> <!-- tearDown -->
      </class> <!-- com.example.tests.ContactCreationTests -->
    </test> <!-- Default test -->
  </suite> <!-- Default suite -->
</testng-results>
