<?xml version="1.0" encoding="UTF-8"?>
<!-- Generated by org.testng.reporters.JUnitXMLReporter -->
<testsuite hostname="3Q3W0M1" name="Default test" tests="3" failures="0" timestamp="30 Mar 2014 20:37:43 GMT" time="11.34" errors="0">
  <testcase name="testEmptyGroupCreation" time="1.751" classname="com.example.tests.GroupCreationTests"/>
  <testcase name="testNonEmptyGroupCreation" time="1.469" classname="com.example.tests.GroupCreationTests"/>
  <testcase name="testUntitled" time="3.186" classname="com.example.tests.ContactCreationTests"/>
</testsuite> <!-- Default test -->
